<?xml version="1.0" encoding="UTF-8"?>
<testsuite name="arraylist.LottoGeneratorTest" tests="2" skipped="0" failures="0" errors="0" timestamp="2021-12-16T10:00:15" hostname="WS-BSCHLE" time="0.021">
  <properties/>
  <testcase name="generateLottoNumbers_all_numbers_are_between_1_and_42()" classname="arraylist.LottoGeneratorTest" time="0.018"/>
  <testcase name="generateLottoNumbers_has_size_of_6()" classname="arraylist.LottoGeneratorTest" time="0.002"/>
  <system-out><![CDATA[]]></system-out>
  <system-err><![CDATA[]]></system-err>
</testsuite>
