<?xml version="1.0" encoding="UTF-8"?>
<testsuite name="geometry.GeometryTest" tests="8" skipped="0" failures="0" errors="0" timestamp="2021-12-15T09:13:37" hostname="WS-BSCHLE" time="0.033">
  <properties/>
  <testcase name="rectangle_calculateCircumference()" classname="geometry.GeometryTest" time="0.023"/>
  <testcase name="textRectangle_calculateArea()" classname="geometry.GeometryTest" time="0.001"/>
  <testcase name="rectancle_calculateArea()" classname="geometry.GeometryTest" time="0.001"/>
  <testcase name="circle_calculateArea()" classname="geometry.GeometryTest" time="0.002"/>
  <testcase name="circle_calculateCircumference()" classname="geometry.GeometryTest" time="0.0"/>
  <testcase name="textRectangle_instanceOf_Rectangle()" classname="geometry.GeometryTest" time="0.001"/>
  <testcase name="textRectangle_getText()" classname="geometry.GeometryTest" time="0.001"/>
  <testcase name="textRectangle_calculateCircumference()" classname="geometry.GeometryTest" time="0.0"/>
  <system-out><![CDATA[]]></system-out>
  <system-err><![CDATA[]]></system-err>
</testsuite>
